<?xml version="1.0" encoding="UTF-8"?>
<!-- Generated by org.testng.reporters.JUnitXMLReporter -->
<testsuite ignored="0" hostname="DESKTOP-KVAV3KP" failures="1" tests="3" name="SeleniumTesting" time="52.596" errors="0" timestamp="2023-05-12T12:59:34 IST">
  <testcase classname="com.project.testSuites.TestCases" name="hospitalNames" time="35.108"/>
  <testcase classname="com.project.testSuites.TestCases" name="TopCities" time="7.802"/>
  <testcase classname="com.project.testSuites.TestCases" name="corporateWellness" time="1.202">
    <failure type="java.lang.Error" message="Unresolved compilation problems: 
	logger cannot be resolved to a variable
	report cannot be resolved
	The method findElement(By) is undefined for the type CorporateWellness
	The method reportPass(String) is undefined for the type CorporateWellness
	The method reportFail(String) is undefined for the type CorporateWellness
	The method reportPass(String) is undefined for the type CorporateWellness
	The method reportFail(String) is undefined for the type CorporateWellness
	The method reportPass(String) is undefined for the type CorporateWellness
	The method reportPass(String) is undefined for the type CorporateWellness
	The method reportFail(String) is undefined for the type CorporateWellness
">
      <![CDATA[java.lang.Error: Unresolved compilation problems: 
logger cannot be resolved to a variable
report cannot be resolved
The method findElement(By) is undefined for the type CorporateWellness
The method reportPass(String) is undefined for the type CorporateWellness
The method reportFail(String) is undefined for the type CorporateWellness
The method reportPass(String) is undefined for the type CorporateWellness
The method reportFail(String) is undefined for the type CorporateWellness
The method reportPass(String) is undefined for the type CorporateWellness
The method reportPass(String) is undefined for the type CorporateWellness
The method reportFail(String) is undefined for the type CorporateWellness

at com.project.webpages.CorporateWellness.formFill(CorporateWellness.java:32)
at com.project.testSuites.TestCases.corporateWellness(TestCases.java:41)
at java.base/java.util.ArrayList.forEach(ArrayList.java:1511)
... Removed 27 stack frames]]>
    </failure>
  </testcase> <!-- corporateWellness -->
</testsuite> <!-- SeleniumTesting -->
