<?xml version="1.0" encoding="UTF-8"?>
<testng-results ignored="0" total="3" passed="2" failed="1" skipped="0">
  <reporter-output>
  </reporter-output>
  <suite started-at="2024-05-22T14:35:46 IST" name="FindingHospitals" finished-at="2024-05-22T14:36:39 IST" duration-ms="53155">
    <groups>
    </groups>
    <test started-at="2024-05-22T14:35:46 IST" name="TestOnChrome" finished-at="2024-05-22T14:36:39 IST" duration-ms="53155">
      <class name="com.project.testSuites.TestCases">
        <test-method is-config="true" signature="invokeBrowser(java.lang.String)[pri:0, instance:com.project.testSuites.TestCases@14dd9eb7]" started-at="2024-05-22T14:35:46 IST" name="invokeBrowser" finished-at="2024-05-22T14:35:49 IST" duration-ms="3671" status="PASS">
          <params>
            <param index="0">
              <value>
                <![CDATA[Chrome]]>
              </value>
            </param>
          </params>
          <reporter-output>
          </reporter-output>
        </test-method> <!-- invokeBrowser -->
        <test-method signature="hospitalNames()[pri:1, instance:com.project.testSuites.TestCases@14dd9eb7]" started-at="2024-05-22T14:35:49 IST" name="hospitalNames" finished-at="2024-05-22T14:36:19 IST" duration-ms="29693" status="PASS">
          <reporter-output>
          </reporter-output>
        </test-method> <!-- hospitalNames -->
        <test-method signature="TopCities()[pri:2, instance:com.project.testSuites.TestCases@14dd9eb7]" started-at="2024-05-22T14:36:19 IST" name="TopCities" finished-at="2024-05-22T14:36:24 IST" duration-ms="4631" status="PASS">
          <reporter-output>
          </reporter-output>
        </test-method> <!-- TopCities -->
        <test-method signature="corporateWellness()[pri:3, instance:com.project.testSuites.TestCases@14dd9eb7]" started-at="2024-05-22T14:36:24 IST" name="corporateWellness" finished-at="2024-05-22T14:36:39 IST" duration-ms="14865" status="FAIL">
          <exception class="org.openqa.selenium.ElementNotInteractableException">
            <message>
              <![CDATA[element not interactable
  (Session info: chrome-headless-shell=124.0.6367.208)
Build info: version: '4.21.0', revision: '79ed462ef4'
System info: os.name: 'Windows 11', os.arch: 'amd64', os.version: '10.0', java.version: '21.0.3'
Driver info: org.openqa.selenium.chrome.ChromeDriver
Command: [5345fd1770f329d9b0b8e6942f2853ed, sendKeysToElement {id=f.30EA797A96C2DEADC655176127D3DD25.d.D84C5A3B8C70E0718AF8CF1049E9A3E3.e.8, value=[Ljava.lang.CharSequence;@c6a6c1d}]
Capabilities {acceptInsecureCerts: false, browserName: chrome-headless-shell, browserVersion: 124.0.6367.208, chrome: {chromedriverVersion: 124.0.6367.207 (a9001a6e39f..., userDataDir: C:\Users\ADMIN\AppData\Loca...}, fedcm:accounts: true, goog:chromeOptions: {debuggerAddress: localhost:56000}, networkConnectionEnabled: false, pageLoadStrategy: normal, platformName: windows, proxy: Proxy(), se:cdp: ws://localhost:56000/devtoo..., se:cdpVersion: 124.0.6367.208, setWindowRect: true, strictFileInteractability: false, timeouts: {implicit: 0, pageLoad: 300000, script: 30000}, unhandledPromptBehavior: dismiss and notify, webauthn:extension:credBlob: true, webauthn:extension:largeBlob: true, webauthn:extension:minPinLength: true, webauthn:extension:prf: true, webauthn:virtualAuthenticators: true}
Element: [[ChromeDriver: chrome-headless-shell on windows (5345fd1770f329d9b0b8e6942f2853ed)] -> xpath: //div[@class = 'corporate-page']/header[1]//input[@id = 'name']]
Session ID: 5345fd1770f329d9b0b8e6942f2853ed]]>
            </message>
            <full-stacktrace>
              <![CDATA[org.openqa.selenium.ElementNotInteractableException: element not interactable
  (Session info: chrome-headless-shell=124.0.6367.208)
Build info: version: '4.21.0', revision: '79ed462ef4'
System info: os.name: 'Windows 11', os.arch: 'amd64', os.version: '10.0', java.version: '21.0.3'
Driver info: org.openqa.selenium.chrome.ChromeDriver
Command: [5345fd1770f329d9b0b8e6942f2853ed, sendKeysToElement {id=f.30EA797A96C2DEADC655176127D3DD25.d.D84C5A3B8C70E0718AF8CF1049E9A3E3.e.8, value=[Ljava.lang.CharSequence;@c6a6c1d}]
Capabilities {acceptInsecureCerts: false, browserName: chrome-headless-shell, browserVersion: 124.0.6367.208, chrome: {chromedriverVersion: 124.0.6367.207 (a9001a6e39f..., userDataDir: C:\Users\ADMIN\AppData\Loca...}, fedcm:accounts: true, goog:chromeOptions: {debuggerAddress: localhost:56000}, networkConnectionEnabled: false, pageLoadStrategy: normal, platformName: windows, proxy: Proxy(), se:cdp: ws://localhost:56000/devtoo..., se:cdpVersion: 124.0.6367.208, setWindowRect: true, strictFileInteractability: false, timeouts: {implicit: 0, pageLoad: 300000, script: 30000}, unhandledPromptBehavior: dismiss and notify, webauthn:extension:credBlob: true, webauthn:extension:largeBlob: true, webauthn:extension:minPinLength: true, webauthn:extension:prf: true, webauthn:virtualAuthenticators: true}
Element: [[ChromeDriver: chrome-headless-shell on windows (5345fd1770f329d9b0b8e6942f2853ed)] -> xpath: //div[@class = 'corporate-page']/header[1]//input[@id = 'name']]
Session ID: 5345fd1770f329d9b0b8e6942f2853ed
at java.base/jdk.internal.reflect.DirectConstructorHandleAccessor.newInstance(DirectConstructorHandleAccessor.java:62)
at java.base/java.lang.reflect.Constructor.newInstanceWithCaller(Constructor.java:502)
at java.base/java.lang.reflect.Constructor.newInstance(Constructor.java:486)
at org.openqa.selenium.remote.ErrorCodec.decode(ErrorCodec.java:167)
at org.openqa.selenium.remote.codec.w3c.W3CHttpResponseCodec.decode(W3CHttpResponseCodec.java:138)
at org.openqa.selenium.remote.codec.w3c.W3CHttpResponseCodec.decode(W3CHttpResponseCodec.java:50)
at org.openqa.selenium.remote.HttpCommandExecutor.execute(HttpCommandExecutor.java:190)
at org.openqa.selenium.remote.service.DriverCommandExecutor.invokeExecute(DriverCommandExecutor.java:216)
at org.openqa.selenium.remote.service.DriverCommandExecutor.execute(DriverCommandExecutor.java:174)
at org.openqa.selenium.remote.RemoteWebDriver.execute(RemoteWebDriver.java:518)
at org.openqa.selenium.remote.RemoteWebElement.execute(RemoteWebElement.java:223)
at org.openqa.selenium.remote.RemoteWebElement.sendKeys(RemoteWebElement.java:110)
at com.project.webpages.CorporateWellness.formFill(CorporateWellness.java:54)
at com.project.testSuites.TestCases.corporateWellness(TestCases.java:41)
at java.base/jdk.internal.reflect.DirectMethodHandleAccessor.invoke(DirectMethodHandleAccessor.java:103)
at java.base/java.lang.reflect.Method.invoke(Method.java:580)
at org.testng.internal.invokers.MethodInvocationHelper.invokeMethod(MethodInvocationHelper.java:139)
at org.testng.internal.invokers.TestInvoker.invokeMethod(TestInvoker.java:664)
at org.testng.internal.invokers.TestInvoker.invokeTestMethod(TestInvoker.java:227)
at org.testng.internal.invokers.MethodRunner.runInSequence(MethodRunner.java:50)
at org.testng.internal.invokers.TestInvoker$MethodInvocationAgent.invoke(TestInvoker.java:957)
at org.testng.internal.invokers.TestInvoker.invokeTestMethods(TestInvoker.java:200)
at org.testng.internal.invokers.TestMethodWorker.invokeTestMethods(TestMethodWorker.java:148)
at org.testng.internal.invokers.TestMethodWorker.run(TestMethodWorker.java:128)
at java.base/java.util.ArrayList.forEach(ArrayList.java:1596)
at org.testng.TestRunner.privateRun(TestRunner.java:848)
at org.testng.TestRunner.run(TestRunner.java:621)
at org.testng.SuiteRunner.runTest(SuiteRunner.java:443)
at org.testng.SuiteRunner.runSequentially(SuiteRunner.java:437)
at org.testng.SuiteRunner.privateRun(SuiteRunner.java:397)
at org.testng.SuiteRunner.run(SuiteRunner.java:336)
at org.testng.SuiteRunnerWorker.runSuite(SuiteRunnerWorker.java:52)
at org.testng.SuiteRunnerWorker.run(SuiteRunnerWorker.java:95)
at org.testng.TestNG.runSuitesSequentially(TestNG.java:1280)
at org.testng.TestNG.runSuitesLocally(TestNG.java:1200)
at org.testng.TestNG.runSuites(TestNG.java:1114)
at org.testng.TestNG.run(TestNG.java:1082)
at org.apache.maven.surefire.testng.TestNGExecutor.run(TestNGExecutor.java:308)
at org.apache.maven.surefire.testng.TestNGXmlTestSuite.execute(TestNGXmlTestSuite.java:71)
at org.apache.maven.surefire.testng.TestNGProvider.invoke(TestNGProvider.java:113)
at org.apache.maven.surefire.booter.ForkedBooter.runSuitesInProcess(ForkedBooter.java:385)
at org.apache.maven.surefire.booter.ForkedBooter.execute(ForkedBooter.java:162)
at org.apache.maven.surefire.booter.ForkedBooter.run(ForkedBooter.java:507)
at org.apache.maven.surefire.booter.ForkedBooter.main(ForkedBooter.java:495)
]]>
            </full-stacktrace>
          </exception> <!-- org.openqa.selenium.ElementNotInteractableException -->
          <reporter-output>
          </reporter-output>
        </test-method> <!-- corporateWellness -->
        <test-method is-config="true" signature="closeBrowser()[pri:0, instance:com.project.testSuites.TestCases@14dd9eb7]" started-at="2024-05-22T14:36:39 IST" name="closeBrowser" finished-at="2024-05-22T14:36:39 IST" duration-ms="211" status="PASS">
          <reporter-output>
          </reporter-output>
        </test-method> <!-- closeBrowser -->
      </class> <!-- com.project.testSuites.TestCases -->
    </test> <!-- TestOnChrome -->
  </suite> <!-- FindingHospitals -->
</testng-results>
